TN:
SF:src/api.ts
FN:20,logIn
FN:29,createUser
FN:38,getUser
FN:43,createHabit
FN:52,getHabits
FN:57,getHabit
FN:62,updateHabit
FN:76,deleteHabit
FN:81,getHabitWeeklyStat
FN:86,getMedals
FNF:10
FNH:0
FNDA:0,logIn
FNDA:0,createUser
FNDA:0,getUser
FNDA:0,createHabit
FNDA:0,getHabits
FNDA:0,getHabit
FNDA:0,updateHabit
FNDA:0,deleteHabit
FNDA:0,getHabitWeeklyStat
FNDA:0,getMedals
DA:3,3
DA:25,0
DA:27,3
DA:34,0
DA:36,3
DA:39,0
DA:41,3
DA:48,0
DA:50,3
DA:53,0
DA:55,3
DA:58,0
DA:60,3
DA:72,0
DA:74,3
DA:77,0
DA:79,3
DA:82,0
DA:84,3
DA:87,0
DA:89,3
LF:21
LH:11
BRDA:4,0,0,3
BRDA:4,0,1,3
BRF:2
BRH:2
end_of_record
TN:
SF:src/app/(app)/habits.tsx
FN:15,Habits
FN:22,(anonymous_1)
FN:23,fetchHabits
FN:38,deleteHabit
FN:42,(anonymous_4)
FN:43,(anonymous_5)
FN:61,(anonymous_6)
FN:83,(anonymous_7)
FN:92,(anonymous_8)
FN:103,(anonymous_9)
FN:112,(anonymous_10)
FN:112,(anonymous_11)
FNF:12
FNH:12
FNDA:11,Habits
FNDA:3,(anonymous_1)
FNDA:3,fetchHabits
FNDA:1,deleteHabit
FNDA:1,(anonymous_4)
FNDA:2,(anonymous_5)
FNDA:15,(anonymous_6)
FNDA:1,(anonymous_7)
FNDA:1,(anonymous_8)
FNDA:1,(anonymous_9)
FNDA:2,(anonymous_10)
FNDA:2,(anonymous_11)
DA:16,11
DA:17,11
DA:18,11
DA:19,11
DA:21,11
DA:24,3
DA:25,3
DA:26,3
DA:28,0
DA:33,3
DA:34,3
DA:39,1
DA:40,1
DA:41,1
DA:43,2
DA:46,0
DA:52,11
DA:53,3
DA:56,8
DA:62,15
DA:84,1
DA:85,1
DA:92,1
DA:104,1
DA:105,1
DA:112,2
DA:121,1
LF:27
LH:25
BRDA:34,0,0,3
BRDA:34,0,1,0
BRDA:43,1,0,1
BRDA:43,1,1,1
BRDA:52,2,0,3
BRDA:52,2,1,8
BRF:6
BRH:5
end_of_record
TN:
SF:src/app/(app)/index.tsx
FN:25,Home
FN:32,fetchWeeklyStats
FN:34,(anonymous_2)
FN:38,(anonymous_3)
FN:59,calculateAchievedAndMissedWeeks
FN:62,(anonymous_5)
FN:69,(anonymous_6)
FN:76,(anonymous_7)
FN:77,fetchHabits
FN:91,changeHabitCounter
FN:98,(anonymous_10)
FN:100,(anonymous_11)
FN:123,(anonymous_12)
FN:136,(anonymous_13)
FN:151,(anonymous_14)
FN:164,(anonymous_15)
FN:170,(anonymous_16)
FN:181,(anonymous_17)
FN:200,(anonymous_18)
FN:221,(anonymous_19)
FN:236,(anonymous_20)
FN:252,(anonymous_21)
FN:263,(anonymous_22)
FNF:23
FNH:13
FNDA:8,Home
FNDA:4,fetchWeeklyStats
FNDA:4,(anonymous_2)
FNDA:0,(anonymous_3)
FNDA:0,calculateAchievedAndMissedWeeks
FNDA:0,(anonymous_5)
FNDA:8,(anonymous_6)
FNDA:3,(anonymous_7)
FNDA:3,fetchHabits
FNDA:2,changeHabitCounter
FNDA:2,(anonymous_10)
FNDA:2,(anonymous_11)
FNDA:0,(anonymous_12)
FNDA:4,(anonymous_13)
FNDA:4,(anonymous_14)
FNDA:1,(anonymous_15)
FNDA:1,(anonymous_16)
FNDA:0,(anonymous_17)
FNDA:0,(anonymous_18)
FNDA:0,(anonymous_19)
FNDA:0,(anonymous_20)
FNDA:0,(anonymous_21)
FNDA:0,(anonymous_22)
DA:26,8
DA:27,8
DA:28,8
DA:29,8
DA:30,8
DA:33,4
DA:34,4
DA:35,4
DA:37,4
DA:39,0
DA:49,0
DA:51,4
DA:52,0
DA:53,0
DA:55,4
DA:60,0
DA:61,0
DA:62,0
DA:64,0
DA:65,0
DA:66,0
DA:69,8
DA:70,8
DA:71,4
DA:75,8
DA:78,3
DA:79,3
DA:80,3
DA:82,0
DA:87,3
DA:92,2
DA:93,0
DA:95,2
DA:96,2
DA:97,2
DA:99,2
DA:101,2
DA:107,0
DA:113,8
DA:114,3
DA:117,5
DA:118,1
DA:124,0
DA:133,4
DA:135,4
DA:137,4
DA:138,0
DA:140,4
DA:144,4
DA:152,4
DA:164,1
DA:170,1
DA:182,0
DA:201,0
DA:203,0
DA:204,0
DA:222,0
DA:237,0
DA:253,0
DA:264,0
DA:276,1
LF:61
LH:38
BRDA:51,0,0,4
BRDA:51,0,1,0
BRDA:70,1,0,4
BRDA:70,1,1,4
BRDA:70,2,0,8
BRDA:70,2,1,5
BRDA:92,3,0,0
BRDA:92,3,1,2
BRDA:99,4,0,2
BRDA:99,4,1,2
BRDA:101,5,0,2
BRDA:101,5,1,0
BRDA:113,6,0,3
BRDA:113,6,1,5
BRDA:117,7,0,1
BRDA:117,7,1,4
BRDA:135,8,0,4
BRDA:135,8,1,0
BRDA:137,9,0,0
BRDA:137,9,1,4
BRDA:203,10,0,0
BRDA:203,10,1,0
BRDA:213,11,0,4
BRDA:213,11,1,0
BRDA:222,12,0,0
BRDA:222,12,1,0
BRDA:222,12,2,0
BRDA:237,13,0,0
BRDA:237,13,1,0
BRDA:237,13,2,0
BRDA:253,14,0,0
BRDA:253,14,1,0
BRDA:253,14,2,0
BRF:33
BRH:16
end_of_record
TN:
SF:src/app/(app)/profile.tsx
FN:9,Profile
FN:14,(anonymous_1)
FN:15,fetchUser
FNF:3
FNH:3
FNDA:3,Profile
FNDA:2,(anonymous_1)
FNDA:2,fetchUser
DA:10,3
DA:11,3
DA:13,3
DA:16,2
DA:17,2
DA:18,1
DA:20,1
DA:25,2
DA:29,3
DA:30,2
DA:33,1
DA:50,1
LF:12
LH:12
BRDA:17,0,0,2
BRDA:17,0,1,0
BRDA:29,1,0,2
BRDA:29,1,1,1
BRF:4
BRH:3
end_of_record
TN:
SF:src/app/(auth)/index.tsx
FN:6,Landing
FN:34,(anonymous_1)
FNF:2
FNH:2
FNDA:2,Landing
FNDA:1,(anonymous_1)
DA:7,2
DA:34,1
DA:44,1
LF:3
LH:3
BRF:0
BRH:0
end_of_record
TN:
SF:src/app/(auth)/login.tsx
FN:5,Login
FNF:1
FNH:1
FNDA:3,Login
DA:6,3
LF:1
LH:1
BRF:0
BRH:0
end_of_record
TN:
SF:src/app/(auth)/signup.tsx
FN:5,Signup
FNF:1
FNH:1
FNDA:3,Signup
DA:6,3
LF:1
LH:1
BRF:0
BRH:0
end_of_record
TN:
SF:src/components/HabitScreenModalForm.tsx
FN:13,HabitScreenModalForm
FN:24,createHabit
FN:36,editHabit
FN:65,(anonymous_3)
FN:95,(anonymous_4)
FNF:5
FNH:2
FNDA:8,HabitScreenModalForm
FNDA:0,createHabit
FNDA:0,editHabit
FNDA:2,(anonymous_3)
FNDA:0,(anonymous_4)
DA:25,0
DA:26,0
DA:27,0
DA:28,0
DA:30,0
DA:37,0
DA:38,0
DA:39,0
DA:40,0
DA:42,0
DA:43,0
DA:49,8
DA:72,2
DA:96,0
DA:97,0
DA:126,1
LF:16
LH:3
BRDA:59,0,0,8
BRDA:59,0,1,6
BRDA:60,1,0,8
BRDA:60,1,1,6
BRDA:61,2,0,8
BRDA:61,2,1,6
BRDA:63,3,0,2
BRDA:63,3,1,6
BRDA:74,4,0,1
BRDA:74,4,1,1
BRDA:114,5,0,1
BRDA:114,5,1,1
BRF:12
BRH:12
end_of_record
TN:
SF:src/components/LoginForm.tsx
FN:13,LoginForm
FN:17,(anonymous_1)
FN:32,(anonymous_2)
FN:74,(anonymous_3)
FNF:4
FNH:3
FNDA:4,LoginForm
FNDA:2,(anonymous_1)
FNDA:22,(anonymous_2)
FNDA:0,(anonymous_3)
DA:14,4
DA:15,4
DA:17,4
DA:18,2
DA:19,2
DA:21,1
DA:27,4
DA:33,22
DA:74,0
DA:87,1
LF:10
LH:9
BRDA:72,0,0,22
BRDA:72,0,1,2
BRF:2
BRH:2
end_of_record
TN:
SF:src/components/Preloader.tsx
FN:4,Preloader
FNF:1
FNH:1
FNDA:8,Preloader
DA:5,8
LF:1
LH:1
BRF:0
BRH:0
end_of_record
TN:
SF:src/components/Screen.tsx
FN:3,Screen
FNF:1
FNH:1
FNDA:30,Screen
DA:4,30
LF:1
LH:1
BRF:0
BRH:0
end_of_record
TN:
SF:src/components/SignupForm.tsx
FN:13,SignupForm
FN:17,(anonymous_1)
FN:32,(anonymous_2)
FN:71,(anonymous_3)
FNF:4
FNH:3
FNDA:4,SignupForm
FNDA:2,(anonymous_1)
FNDA:22,(anonymous_2)
FNDA:0,(anonymous_3)
DA:14,4
DA:15,4
DA:17,4
DA:18,2
DA:19,2
DA:21,1
DA:27,4
DA:33,22
DA:71,0
DA:85,1
LF:10
LH:9
BRDA:69,0,0,22
BRDA:69,0,1,2
BRF:2
BRH:2
end_of_record
